<?xml version="1.0" encoding="UTF-8"?>
<!-- Generated by org.testng.reporters.JUnitReportReporter -->
<testsuite hostname="SuperMan" failures="0" tests="2" name="testScript.LoginTest" time="9.070" errors="0" timestamp="2025-06-17T20:22:33 IST" skipped="0">
  <testcase classname="testScript.LoginTest" name="verifyUserLoginWithInvalidCredentials" time="4.505"/>
  <testcase classname="testScript.LoginTest" name="verifyUserLoginWithInvalidCredentials" time="4.565"/>
</testsuite> <!-- testScript.LoginTest -->
