<?xml version="1.0" encoding="UTF-8"?>
<!-- Generated by org.testng.reporters.JUnitReportReporter -->
<testsuite hostname="SuperMan" failures="0" tests="1" name="testScript.HomeTest" time="5.883" errors="0" timestamp="2025-06-05T23:47:55 IST" skipped="0">
  <testcase classname="testScript.HomeTest" name="verifyThatUserIsAbleToLogoutFromTheApplication" time="5.883"/>
</testsuite> <!-- testScript.HomeTest -->
