<?xml version="1.0" encoding="UTF-8"?>
<!-- Generated by org.testng.reporters.JUnitReportReporter -->
<testsuite hostname="SuperMan" failures="0" tests="2" name="testScript.ManageNewsTest" time="16.908" errors="0" timestamp="2025-06-18T23:50:18 IST" skipped="0">
  <testcase classname="testScript.ManageNewsTest" name="verifyThatUserIsAbleToAddNewNewsInTheApplication" time="11.318"/>
  <testcase classname="testScript.ManageNewsTest" name="verifyThatUserIsAbleToSearchAndFindTheAddedNews" time="5.590"/>
</testsuite> <!-- testScript.ManageNewsTest -->
