<?xml version="1.0" encoding="UTF-8"?>
<!-- Generated by org.testng.reporters.JUnitReportReporter -->
<testsuite hostname="SuperMan" failures="0" tests="2" name="testScript.AdminUsersTest" time="13.982" errors="0" timestamp="2025-06-18T21:08:40 IST" skipped="0">
  <testcase classname="testScript.AdminUsersTest" name="verifyThatTheUserIsAbleToAddNewAdminUSer" time="9.295"/>
  <testcase classname="testScript.AdminUsersTest" name="verifyThatTheUserIsAbleToSearchAndFindTheNewlyAddedUser" time="4.687"/>
</testsuite> <!-- testScript.AdminUsersTest -->
