<?xml version="1.0" encoding="UTF-8"?>
<!-- Generated by org.testng.reporters.JUnitReportReporter -->
<testsuite hostname="SuperMan" failures="0" tests="1" name="testScript.ManageNewsTest" time="6.615" errors="0" timestamp="2025-06-09T14:44:23 IST" skipped="0">
  <testcase classname="testScript.ManageNewsTest" name="verifyThatUserIsAbleToSearchAndFindTheAddedNews" time="6.615"/>
</testsuite> <!-- testScript.ManageNewsTest -->
