<?xml version="1.0" encoding="UTF-8"?>
<!-- Generated by org.testng.reporters.JUnitReportReporter -->
<testsuite hostname="SuperMan" failures="0" tests="2" name="testScript.ManageNewsTest" time="17.111" errors="0" timestamp="2025-06-17T20:09:36 IST" skipped="0">
  <testcase classname="testScript.ManageNewsTest" name="verifyThatUserIsAbleToAddNewNewsInTheApplication" time="11.035"/>
  <testcase classname="testScript.ManageNewsTest" name="verifyThatUserIsAbleToSearchAndFindTheAddedNews" time="6.076"/>
</testsuite> <!-- testScript.ManageNewsTest -->
