<?xml version="1.0" encoding="UTF-8"?>
<!-- Generated by org.testng.reporters.JUnitReportReporter -->
<testsuite hostname="SuperMan" failures="0" tests="2" name="testScript.CategoryTest" time="19.305" errors="0" timestamp="2025-06-18T23:36:49 IST" skipped="0">
  <testcase classname="testScript.CategoryTest" name="verifyThatTheUserIsAbleToSearchAndFindAddedCategories" time="9.848"/>
  <testcase classname="testScript.CategoryTest" name="verifyThatTheUSerIsAbleToAddNewCategory" time="9.457"/>
</testsuite> <!-- testScript.CategoryTest -->
