<?xml version="1.0" encoding="UTF-8"?>
<!-- Generated by org.testng.reporters.JUnitReportReporter -->
<testsuite hostname="SuperMan" failures="0" tests="1" name="testScript.HomeTest" time="4.173" errors="0" timestamp="2025-06-17T15:44:04 IST" skipped="0">
  <testcase classname="testScript.HomeTest" name="verifyThatUserIsAbleToLogoutFromTheApplication" time="4.173"/>
</testsuite> <!-- testScript.HomeTest -->
