<?xml version="1.0" encoding="UTF-8"?>
<!-- Generated by org.testng.reporters.JUnitReportReporter -->
<testsuite hostname="SuperMan" failures="0" tests="3" name="testScript.HomeTest" time="25.716" errors="0" timestamp="2025-06-13T20:07:09 IST" skipped="0">
  <testcase classname="testScript.HomeTest" name="verifyThatUserIsAbleToLogoutFromTheApplication" time="4.661"/>
  <testcase classname="testScript.HomeTest" name="verifyThatUserIsAbleToLogoutFromTheApplication" time="12.055"/>
  <testcase classname="testScript.HomeTest" name="verifyThatUserIsAbleToLogoutFromTheApplication" time="9.000"/>
</testsuite> <!-- testScript.HomeTest -->
