<?xml version="1.0" encoding="UTF-8"?>
<!-- Generated by org.testng.reporters.JUnitReportReporter -->
<testsuite hostname="SuperMan" failures="0" tests="1" name="testScript.AdminUsersTest" time="16.584" errors="0" timestamp="2025-06-09T21:12:29 IST" skipped="0">
  <testcase classname="testScript.AdminUsersTest" name="verifyThatTheUserIsAbleToSearchAndFindTheNewlyAddedUser" time="16.584"/>
</testsuite> <!-- testScript.AdminUsersTest -->
